
Showing logs for build [32mcb-kubecd-environment-pr-5442-1-5x9bm-1[0m stage [32mmeta-pipeline[0m and container [32mstep-credential-initializer-w57b4[0m
{"level":"warn","ts":1568281380.0910063,"logger":"fallback-logger","caller":"logging/config.go:69","msg":"Fetch GitHub commit ID from kodata failed: \"ref: refs/heads/master\" is not a valid GitHub commit ID"}
{"level":"info","ts":1568281380.091966,"logger":"fallback-logger","caller":"creds-init/main.go:40","msg":"Credentials initialized."}

Showing logs for build [32mcb-kubecd-environment-pr-5442-1-5x9bm-1[0m stage [32mmeta-pipeline[0m and container [32mstep-working-dir-initializer-7trvg[0m
{"level":"warn","ts":1568281381.1472483,"logger":"fallback-logger","caller":"logging/config.go:69","msg":"Fetch GitHub commit ID from kodata failed: open /var/run/ko/HEAD: no such file or directory"}
{"level":"info","ts":1568281381.1488018,"logger":"fallback-logger","caller":"bash/main.go:65","msg":"Successfully executed command \"mkdir -p /workspace/source\""}

Showing logs for build [32mcb-kubecd-environment-pr-5442-1-5x9bm-1[0m stage [32mmeta-pipeline[0m and container [32mstep-place-tools[0m

Showing logs for build [32mcb-kubecd-environment-pr-5442-1-5x9bm-1[0m stage [32mmeta-pipeline[0m and container [32mstep-git-source-meta-cb-kubecd-environment-pr-5-z7gkz[0m
{"level":"warn","ts":1568281387.261343,"logger":"fallback-logger","caller":"logging/config.go:69","msg":"Fetch GitHub commit ID from kodata failed: \"ref: refs/heads/master\" is not a valid GitHub commit ID"}
{"level":"info","ts":1568281388.31649,"logger":"fallback-logger","caller":"git/git.go:102","msg":"Successfully cloned https://github.com/cb-kubecd/environment-pr-5442-15-tekton-gkebdd-production.git @ 32d590be37fbd13dcc60ea22334f21cab2fba4b4 in path /workspace/source"}

Showing logs for build [32mcb-kubecd-environment-pr-5442-1-5x9bm-1[0m stage [32mmeta-pipeline[0m and container [32mstep-git-merge[0m
Using SHAs from PULL_REFS=master:32d590be37fbd13dcc60ea22334f21cab2fba4b4,1:d9d80b8bd43b6c4f7d7ed03b60f08f38b506ff00
DEBUG: ran git fetch --unshallow origin d9d80b8bd43b6c4f7d7ed03b60f08f38b506ff00: 32d590be37fbd13dcc60ea22334f21cab2fba4b4: in 
DEBUG: ran git checkout master in 
DEBUG: ran git reset --hard 32d590be37fbd13dcc60ea22334f21cab2fba4b4 in 
DEBUG: ran clean --force -d . in 
DEBUG: ran git merge d9d80b8bd43b6c4f7d7ed03b60f08f38b506ff00 in 
Merged SHA d9d80b8bd43b6c4f7d7ed03b60f08f38b506ff00 with commit message 'chore: Promote bdd-spring-1568280789 to version 0.0.1' into base branch master

Showing logs for build [32mcb-kubecd-environment-pr-5442-1-5x9bm-1[0m stage [32mmeta-pipeline[0m and container [32mstep-merge-pull-refs[0m
DEBUG: ran git fetch origin d9d80b8bd43b6c4f7d7ed03b60f08f38b506ff00: 32d590be37fbd13dcc60ea22334f21cab2fba4b4: in 
DEBUG: Unshallowed git repo in 
DEBUG: ran git checkout master in 
DEBUG: ran git reset --hard 32d590be37fbd13dcc60ea22334f21cab2fba4b4 in 
DEBUG: ran clean --force -d . in 
DEBUG: ran git merge d9d80b8bd43b6c4f7d7ed03b60f08f38b506ff00 in 
Merged SHA d9d80b8bd43b6c4f7d7ed03b60f08f38b506ff00 with commit message 'chore: Promote bdd-spring-1568280789 to version 0.0.1' into base branch master

Showing logs for build [32mcb-kubecd-environment-pr-5442-1-5x9bm-1[0m stage [32mmeta-pipeline[0m and container [32mstep-create-effective-pipeline[0m
Deleting and cloning the Jenkins X versions repo
Cloning the Jenkins X versions repo https://github.com/jenkins-x/jenkins-x-versions.git with ref refs/heads/master to /builder/home/.**/jenkins-x-versions
selected pack: /builder/home/.**/draft/packs/github.com/jenkins-x-buildpacks/jenkins-x-kubernetes/packs/environment
Effective pipeline written to jenkins-x-promotion-build-effective.yml

Showing logs for build [32mcb-kubecd-environment-pr-5442-1-5x9bm-1[0m stage [32mmeta-pipeline[0m and container [32mstep-create-tekton-crds[0m
PipelineActivity for cb-kubecd-environment-pr-5442-15-tekton-gkebdd-production-PR-1-1
Applying changes 
upserted PipelineResource cb-kubecd-environment-pr-5442-1 for the git repository https://github.com/cb-kubecd/environment-pr-5442-15-tekton-gkebdd-production.git
upserted Task cb-kubecd-environment-pr-5442-1-5x9bm-from-build-pack-1
upserted Pipeline cb-kubecd-environment-pr-5442-1-5x9bm-1
created PipelineRun cb-kubecd-environment-pr-5442-1-5x9bm-1
created PipelineStructure cb-kubecd-environment-pr-5442-1-5x9bm-1

Showing logs for build [32mcb-kubecd-environment-pr-5442-1-5x9bm-1[0m stage [32mfrom-build-pack[0m and container [32mstep-credential-initializer-frh68[0m
{"level":"warn","ts":1568281402.6737235,"logger":"fallback-logger","caller":"logging/config.go:69","msg":"Fetch GitHub commit ID from kodata failed: \"ref: refs/heads/master\" is not a valid GitHub commit ID"}
{"level":"info","ts":1568281402.6743762,"logger":"fallback-logger","caller":"creds-init/main.go:40","msg":"Credentials initialized."}

Showing logs for build [32mcb-kubecd-environment-pr-5442-1-5x9bm-1[0m stage [32mfrom-build-pack[0m and container [32mstep-working-dir-initializer-smtp2[0m
{"level":"warn","ts":1568281403.6430676,"logger":"fallback-logger","caller":"logging/config.go:69","msg":"Fetch GitHub commit ID from kodata failed: open /var/run/ko/HEAD: no such file or directory"}
{"level":"info","ts":1568281403.6495514,"logger":"fallback-logger","caller":"bash/main.go:65","msg":"Successfully executed command \"mkdir -p /workspace/source /workspace/source/env\""}

Showing logs for build [32mcb-kubecd-environment-pr-5442-1-5x9bm-1[0m stage [32mfrom-build-pack[0m and container [32mstep-place-tools[0m

Showing logs for build [32mcb-kubecd-environment-pr-5442-1-5x9bm-1[0m stage [32mfrom-build-pack[0m and container [32mstep-git-source-cb-kubecd-environment-pr-5442-1-7nfsv[0m
{"level":"warn","ts":1568281407.78704,"logger":"fallback-logger","caller":"logging/config.go:69","msg":"Fetch GitHub commit ID from kodata failed: \"ref: refs/heads/master\" is not a valid GitHub commit ID"}
{"level":"info","ts":1568281408.8608794,"logger":"fallback-logger","caller":"git/git.go:102","msg":"Successfully cloned https://github.com/cb-kubecd/environment-pr-5442-15-tekton-gkebdd-production.git @ master in path /workspace/source"}

Showing logs for build [32mcb-kubecd-environment-pr-5442-1-5x9bm-1[0m stage [32mfrom-build-pack[0m and container [32mstep-git-merge[0m
Using SHAs from PULL_REFS=master:32d590be37fbd13dcc60ea22334f21cab2fba4b4,1:d9d80b8bd43b6c4f7d7ed03b60f08f38b506ff00
DEBUG: ran git fetch --unshallow origin d9d80b8bd43b6c4f7d7ed03b60f08f38b506ff00: 32d590be37fbd13dcc60ea22334f21cab2fba4b4: in 
DEBUG: ran git checkout master in 
DEBUG: ran git reset --hard 32d590be37fbd13dcc60ea22334f21cab2fba4b4 in 
DEBUG: ran clean --force -d . in 
DEBUG: ran git merge d9d80b8bd43b6c4f7d7ed03b60f08f38b506ff00 in 
Merged SHA d9d80b8bd43b6c4f7d7ed03b60f08f38b506ff00 with commit message 'chore: Promote bdd-spring-1568280789 to version 0.0.1' into base branch master

Showing logs for build [32mcb-kubecd-environment-pr-5442-1-5x9bm-1[0m stage [32mfrom-build-pack[0m and container [32mstep-build-helm-build[0m
WARNING: No $CHART_REPOSITORY defined so using the default value of: http://jenkins-x-chartmuseum:8080
Adding missing Helm repo: storage.googleapis.com https://storage.googleapis.com/chartmuseum.jenkins-x.io
Successfully added Helm repository storage.googleapis.com.
Adding missing Helm repo: jenkins-x-chartmuseum http://jenkins-x-chartmuseum:8080
Successfully added Helm repository jenkins-x-chartmuseum.
WARNING: No $CHART_REPOSITORY defined so using the default value of: http://jenkins-x-chartmuseum:8080
Adding missing Helm repo: chartmuseum.jenkins-x.io http://chartmuseum.jenkins-x.io
Successfully added Helm repository chartmuseum.jenkins-x.io.
